Sun 16:00: ########################################## 
Sun 16:00: Compiling.
Sun 16:00: ########################################## 

Sun 16:00: MaxCompiler version: 2015.1.1 (simulation only).
Sun 16:00: Build Simulation run rule for Proba start time: Sun Jan 10 16:00:58 PST 2016.
Sun 16:00: Project location: /home/demo/workspace/Proba.
Sun 16:00: Detailed build log: /home/demo/workspace/Proba/RunRules/Simulation/build.log.

Sun 16:00: Compiling Engine Code.
Sun 16:00: Engine building skipped (no changes on .max files).
Sun 16:00: Compiling CPU Code.
Sun 16:00: Run CPU project make files updating
Sun 16:00: Executing command:
Sun 16:00: java -jar /opt/maxeler/maxcompiler/lib/MaxIDE/projectAdmin.jar -u /home/demo/workspace/Proba Simulation 
Sun 16:00: Command output:

Sun 16:00: MaxCompiler Project Admin Tool Version 2015.1.10001
Sun 16:00:  Copyright Maxeler Technologies 2010 - 2015. All rights reserved.

Sun 16:00: Handler version 2
Sun 16:00: Updating RunRule dependent Makefiles for RunRule 'Simulation'
Sun 16:00: 	Updating: Simulation
Sun 16:00: Found makefiles: 1
Sun 16:00: 	Updated: Simulation
Sun 16:00: Run CPU make.
Sun 16:00: make RUNRULE=Simulation 
Sun 16:00: Command output:
Sun 16:00: make -f Makefile.rules build
Sun 16:00: make[1]: Entering directory `/home/demo/workspace/Proba/CPUCode'
Sun 16:00: set -e; rm -f ../RunRules/Simulation/objects/c/PrefixSumCpuCode.d ;                                                             \
Sun 16:00: 	  cc -M -std=gnu99 -g -O3 -Wall -Wextra -I../RunRules/Simulation/include  -I '/opt/maxeler/maxcompiler/include/slic'  -Wno-error PrefixSumCpuCode.c > ../RunRules/Simulation/objects/c/PrefixSumCpuCode.d.$$ ;                                 \
Sun 16:00:       sed 's,\(PrefixSumCpuCode\)\.o[ :]*,../RunRules/Simulation/objects/c/\1.o ../RunRules/Simulation/objects/c/PrefixSumCpuCode.d : ,g' < ../RunRules/Simulation/objects/c/PrefixSumCpuCode.d.$$ > ../RunRules/Simulation/objects/c/PrefixSumCpuCode.d; \
Sun 16:00:       rm -f ../RunRules/Simulation/objects/c/PrefixSumCpuCode.d.$$
Sun 16:00: make[1]: Leaving directory `/home/demo/workspace/Proba/CPUCode'
Sun 16:00: make[1]: Entering directory `/home/demo/workspace/Proba/CPUCode'
Sun 16:00: cc -std=gnu99 -g -O3 -Wall -Wextra -I../RunRules/Simulation/include  -I '/opt/maxeler/maxcompiler/include/slic'  -c PrefixSumCpuCode.c -o ../RunRules/Simulation/objects/c/PrefixSumCpuCode.o
Sun 16:00: cc -std=gnu99 -g -O3 -Wall -Wextra -I../RunRules/Simulation/include  -I '/opt/maxeler/maxcompiler/include/slic'  -o ../RunRules/Simulation/binaries/PrefixSum ../RunRules/Simulation/objects/maxfiles/slic_PrefixSum.o ../RunRules/Simulation/objects/c/PrefixSumCpuCode.o -g -O3  -L '/opt/maxeler/maxcompiler/lib' -lslic -L '/opt/maxeler/maxcompiler/lib/maxeleros-sim/lib' -lmaxeleros -lpthread -lm -lrt 
Sun 16:01: make[1]: Leaving directory `/home/demo/workspace/Proba/CPUCode'
Sun 16:01: Build completed: Sun Jan 10 16:01:00 PST 2016


Sun 16:01: ########################################## 
Sun 16:01: Running
Sun 16:01: ########################################## 
Sun 16:01: Executing command:
Sun 16:01: '/home/demo/workspace/Proba/RunRules/Simulation/binaries/PrefixSum' 
Sun 16:01: Command output:
Sun 16:01: 1K data:
Sun 16:01: Running on DFE.
Sun 16:01: Maxeler time: 770.32
Sun 16:01: Seq time: 0.01
Sun 16:01: Test PASSED

Sun 16:01: Done.
Sun 16:01: 1M data:
Sun 16:01: Running on DFE.
Sun 16:01: Maxeler time: 8439.14
Sun 16:01: Seq time: 3.71
Sun 16:01: Test PASSED

Sun 16:01: Done.
Sun 16:01: 10M data:
Sun 16:01: Running on DFE.
Sun 16:02: Maxeler time: 63132.13
Sun 16:02: Seq time: 59.61
Sun 16:02: Test PASSED

Sun 16:02: Done.
Sun 16:02: Process terminated with exit code 0.
